<?xml version="1.0" encoding="UTF-8"?>
<!-- Generated by org.testng.reporters.JUnitReportReporter -->
<testsuite skipped="0" hostname="B1-LAP-SBHAT" name="Testcase.RegressionTest" tests="1" failures="0" timestamp="13 Feb 2019 11:15:43 GMT" time="5.855" errors="0">
  <testcase name="regression_Home_CLP_PLP_Search" time="5.855" classname="Testcase.RegressionTest"/>
</testsuite> <!-- Testcase.RegressionTest -->
