<?xml version="1.0" encoding="UTF-8"?>
<!-- Generated by org.testng.reporters.JUnitReportReporter -->
<testsuite skipped="0" hostname="B1-LAP-SBHAT" name="functaionalities.Home_CLP_PLP_Search" tests="1" failures="0" timestamp="07 Feb 2019 10:54:06 GMT" time="4.003" errors="0">
  <testcase name="contentMethod" time="4.003" classname="functaionalities.Home_CLP_PLP_Search"/>
</testsuite> <!-- functaionalities.Home_CLP_PLP_Search -->
