<?xml version="1.0" encoding="UTF-8"?>
<!-- Generated by org.testng.reporters.JUnitReportReporter -->
<testsuite skipped="0" hostname="B1-LAP-SBHAT" name="Testcase.RegressionTest" tests="1" failures="0" timestamp="20 Feb 2019 11:42:31 GMT" time="4.576" errors="0">
  <testcase name="regression_CategoryLists" time="4.576" classname="Testcase.RegressionTest"/>
</testsuite> <!-- Testcase.RegressionTest -->
