<?xml version="1.0" encoding="UTF-8"?>
<!-- Generated by org.testng.reporters.JUnitReportReporter -->
<testsuite skipped="1" hostname="BNWINBGDELLL074" name="Testcase.RegressionTest" tests="2" failures="0" timestamp="19 Dec 2019 10:04:30 GMT" time="15.151" errors="0">
  <testcase name="regression_CategoryLists" time="15.151" classname="Testcase.RegressionTest"/>
  <testcase name="regression_Content" classname="Testcase.RegressionTest">
    <skipped/>
  </testcase> <!-- regression_Content -->
</testsuite> <!-- Testcase.RegressionTest -->
