<?xml version="1.0" encoding="UTF-8"?>
<!-- Generated by org.testng.reporters.JUnitReportReporter -->
<testsuite skipped="0" hostname="B1-LAP-SBHAT" name="Testcase.RegressionTest" tests="1" failures="0" timestamp="18 Feb 2019 10:32:34 GMT" time="12.002" errors="0">
  <testcase name="regression_Home_CLP_PLP_Search" time="12.002" classname="Testcase.RegressionTest"/>
</testsuite> <!-- Testcase.RegressionTest -->
