<?xml version="1.0" encoding="UTF-8"?>
<!-- Generated by org.testng.reporters.JUnitReportReporter -->
<testsuite skipped="0" hostname="BNWINBGDELLL074" name="functaionalities.adyen" tests="1" failures="0" timestamp="11 Dec 2019 14:39:50 GMT" time="3.006" errors="0">
  <testcase name="linkOrderToAdyen" time="3.006" classname="functaionalities.adyen"/>
</testsuite> <!-- functaionalities.adyen -->
